# JRE version: Java(TM) SE Runtime Environment (8.0_202-b08) (build 1.8.0_202-b08)
# Java VM: Java HotSpot(TM) 64-Bit Server VM (25.202-b08 mixed mode windows-amd64 compressed oops)
Heap:
 PSYoungGen      total 226304K, used 205800K [0x00000000e0700000, 0x00000000f8f00000, 0x0000000100000000)
  eden space 146944K, 86% used [0x00000000e0700000,0x00000000e827cc48,0x00000000e9680000)
  from space 79360K, 99% used [0x00000000efc00000,0x00000000f497d598,0x00000000f4980000)
  to   space 103936K, 0% used [0x00000000e9680000,0x00000000e9680000,0x00000000efc00000)
 ParOldGen       total 233984K, used 161144K [0x00000000a1400000, 0x00000000af880000, 0x00000000e0700000)
  object space 233984K, 68% used [0x00000000a1400000,0x00000000ab15e200,0x00000000af880000)
 Metaspace       used 18585K, capacity 19668K, committed 19968K, reserved 1067008K
  class space    used 2558K, capacity 2766K, committed 2816K, reserved 1048576K
GC Heap History (10 events):
Event: 5.597 GC heap before
{Heap before GC invocations=8 (full 1):
 PSYoungGen      total 120320K, used 27134K [0x00000000e0700000, 0x00000000f1500000, 0x0000000100000000)
  eden space 93184K, 0% used [0x00000000e0700000,0x00000000e0700000,0x00000000e6200000)
  from space 27136K, 99% used [0x00000000e6200000,0x00000000e7c7f9e0,0x00000000e7c80000)
  to   space 45056K, 0% used [0x00000000ee900000,0x00000000ee900000,0x00000000f1500000)
 ParOldGen       total 65536K, used 58808K [0x00000000a1400000, 0x00000000a5400000, 0x00000000e0700000)
  object space 65536K, 89% used [0x00000000a1400000,0x00000000a4d6e258,0x00000000a5400000)
 Metaspace       used 16649K, capacity 17656K, committed 17920K, reserved 1064960K
  class space    used 2356K, capacity 2546K, committed 2560K, reserved 1048576K
Event: 6.229 GC heap after
Heap after GC invocations=8 (full 1):
 PSYoungGen      total 120320K, used 16866K [0x00000000e0700000, 0x00000000f1500000, 0x0000000100000000)
  eden space 93184K, 0% used [0x00000000e0700000,0x00000000e0700000,0x00000000e6200000)
  from space 27136K, 62% used [0x00000000e6200000,0x00000000e7278b70,0x00000000e7c80000)
  to   space 45056K, 0% used [0x00000000ee900000,0x00000000ee900000,0x00000000f1500000)
 ParOldGen       total 131584K, used 65234K [0x00000000a1400000, 0x00000000a9480000, 0x00000000e0700000)
  object space 131584K, 49% used [0x00000000a1400000,0x00000000a53b4b10,0x00000000a9480000)
 Metaspace       used 16649K, capacity 17656K, committed 17920K, reserved 1064960K
  class space    used 2356K, capacity 2546K, committed 2560K, reserved 1048576K
}
Event: 6.879 GC heap before
{Heap before GC invocations=9 (full 1):
 PSYoungGen      total 120320K, used 110050K [0x00000000e0700000, 0x00000000f1500000, 0x0000000100000000)
  eden space 93184K, 100% used [0x00000000e0700000,0x00000000e6200000,0x00000000e6200000)
  from space 27136K, 62% used [0x00000000e6200000,0x00000000e7278b70,0x00000000e7c80000)
  to   space 45056K, 0% used [0x00000000ee900000,0x00000000ee900000,0x00000000f1500000)
 ParOldGen       total 131584K, used 65234K [0x00000000a1400000, 0x00000000a9480000, 0x00000000e0700000)
  object space 131584K, 49% used [0x00000000a1400000,0x00000000a53b4b10,0x00000000a9480000)
 Metaspace       used 16649K, capacity 17656K, committed 17920K, reserved 1064960K
  class space    used 2356K, capacity 2546K, committed 2560K, reserved 1048576K
Event: 7.021 GC heap after
Heap after GC invocations=9 (full 1):
 PSYoungGen      total 175616K, used 45056K [0x00000000e0700000, 0x00000000f1500000, 0x0000000100000000)
  eden space 130560K, 0% used [0x00000000e0700000,0x00000000e0700000,0x00000000e8680000)
  from space 45056K, 100% used [0x00000000ee900000,0x00000000f1500000,0x00000000f1500000)
  to   space 55296K, 0% used [0x00000000ea900000,0x00000000ea900000,0x00000000edf00000)
 ParOldGen       total 131584K, used 69490K [0x00000000a1400000, 0x00000000a9480000, 0x00000000e0700000)
  object space 131584K, 52% used [0x00000000a1400000,0x00000000a57dcb30,0x00000000a9480000)
 Metaspace       used 16649K, capacity 17656K, committed 17920K, reserved 1064960K
  class space    used 2356K, capacity 2546K, committed 2560K, reserved 1048576K
}
Event: 7.870 GC heap before
{Heap before GC invocations=10 (full 1):
 PSYoungGen      total 175616K, used 175616K [0x00000000e0700000, 0x00000000f1500000, 0x0000000100000000)
  eden space 130560K, 100% used [0x00000000e0700000,0x00000000e8680000,0x00000000e8680000)
  from space 45056K, 100% used [0x00000000ee900000,0x00000000f1500000,0x00000000f1500000)
  to   space 55296K, 0% used [0x00000000ea900000,0x00000000ea900000,0x00000000edf00000)
 ParOldGen       total 131584K, used 69490K [0x00000000a1400000, 0x00000000a9480000, 0x00000000e0700000)
  object space 131584K, 52% used [0x00000000a1400000,0x00000000a57dcb30,0x00000000a9480000)
 Metaspace       used 16649K, capacity 17656K, committed 17920K, reserved 1064960K
  class space    used 2356K, capacity 2546K, committed 2560K, reserved 1048576K
Event: 8.134 GC heap after
Heap after GC invocations=10 (full 1):
 PSYoungGen      total 221184K, used 55293K [0x00000000e0700000, 0x00000000f4980000, 0x0000000100000000)
  eden space 165888K, 0% used [0x00000000e0700000,0x00000000e0700000,0x00000000ea900000)
  from space 55296K, 99% used [0x00000000ea900000,0x00000000edeff6c0,0x00000000edf00000)
  to   space 79360K, 0% used [0x00000000efc00000,0x00000000efc00000,0x00000000f4980000)
 ParOldGen       total 131584K, used 104418K [0x00000000a1400000, 0x00000000a9480000, 0x00000000e0700000)
  object space 131584K, 79% used [0x00000000a1400000,0x00000000a79f8b70,0x00000000a9480000)
 Metaspace       used 16649K, capacity 17656K, committed 17920K, reserved 1064960K
  class space    used 2356K, capacity 2546K, committed 2560K, reserved 1048576K
}
Event: 8.134 GC heap before
{Heap before GC invocations=11 (full 2):
 PSYoungGen      total 221184K, used 55293K [0x00000000e0700000, 0x00000000f4980000, 0x0000000100000000)
  eden space 165888K, 0% used [0x00000000e0700000,0x00000000e0700000,0x00000000ea900000)
  from space 55296K, 99% used [0x00000000ea900000,0x00000000edeff6c0,0x00000000edf00000)
  to   space 79360K, 0% used [0x00000000efc00000,0x00000000efc00000,0x00000000f4980000)
 ParOldGen       total 131584K, used 104418K [0x00000000a1400000, 0x00000000a9480000, 0x00000000e0700000)
  object space 131584K, 79% used [0x00000000a1400000,0x00000000a79f8b70,0x00000000a9480000)
 Metaspace       used 16649K, capacity 17656K, committed 17920K, reserved 1064960K
  class space    used 2356K, capacity 2546K, committed 2560K, reserved 1048576K
Event: 9.491 GC heap after
Heap after GC invocations=11 (full 2):
 PSYoungGen      total 221184K, used 27604K [0x00000000e0700000, 0x00000000f4980000, 0x0000000100000000)
  eden space 165888K, 0% used [0x00000000e0700000,0x00000000e0700000,0x00000000ea900000)
  from space 55296K, 49% used [0x00000000ea900000,0x00000000ec3f51d0,0x00000000edf00000)
  to   space 79360K, 0% used [0x00000000efc00000,0x00000000efc00000,0x00000000f4980000)
 ParOldGen       total 233984K, used 131101K [0x00000000a1400000, 0x00000000af880000, 0x00000000e0700000)
  object space 233984K, 56% used [0x00000000a1400000,0x00000000a9407548,0x00000000af880000)
 Metaspace       used 16649K, capacity 17656K, committed 17920K, reserved 1064960K
  class space    used 2356K, capacity 2546K, committed 2560K, reserved 1048576K
}
Event: 11.356 GC heap before
{Heap before GC invocations=12 (full 2):
 PSYoungGen      total 221184K, used 193492K [0x00000000e0700000, 0x00000000f4980000, 0x0000000100000000)
  eden space 165888K, 100% used [0x00000000e0700000,0x00000000ea900000,0x00000000ea900000)
  from space 55296K, 49% used [0x00000000ea900000,0x00000000ec3f51d0,0x00000000edf00000)
  to   space 79360K, 0% used [0x00000000efc00000,0x00000000efc00000,0x00000000f4980000)
 ParOldGen       total 233984K, used 131101K [0x00000000a1400000, 0x00000000af880000, 0x00000000e0700000)
  object space 233984K, 56% used [0x00000000a1400000,0x00000000a9407548,0x00000000af880000)
 Metaspace       used 16879K, capacity 17912K, committed 18048K, reserved 1064960K
  class space    used 2371K, capacity 2586K, committed 2688K, reserved 1048576K
Event: 11.579 GC heap after
Heap after GC invocations=12 (full 2):
 PSYoungGen      total 226304K, used 79349K [0x00000000e0700000, 0x00000000f8f00000, 0x0000000100000000)
  eden space 146944K, 0% used [0x00000000e0700000,0x00000000e0700000,0x00000000e9680000)
  from space 79360K, 99% used [0x00000000efc00000,0x00000000f497d598,0x00000000f4980000)
  to   space 103936K, 0% used [0x00000000e9680000,0x00000000e9680000,0x00000000efc00000)
 ParOldGen       total 233984K, used 161144K [0x00000000a1400000, 0x00000000af880000, 0x00000000e0700000)
  object space 233984K, 68% used [0x00000000a1400000,0x00000000ab15e200,0x00000000af880000)
 Metaspace       used 16879K, capacity 17912K, committed 18048K, reserved 1064960K
  class space    used 2371K, capacity 2586K, committed 2688K, reserved 1048576K
}

