# JRE version: Java(TM) SE Runtime Environment (8.0_202-b08) (build 1.8.0_202-b08)
# Java VM: Java HotSpot(TM) 64-Bit Server VM (25.202-b08 mixed mode windows-amd64 compressed oops)
Heap:
 PSYoungGen      total 245760K, used 38144K [0x00000000e0700000, 0x00000000f6180000, 0x0000000100000000)
  eden space 142336K, 0% used [0x00000000e0700000,0x00000000e0700000,0x00000000e9200000)
  from space 103424K, 36% used [0x00000000e9200000,0x00000000eb740020,0x00000000ef700000)
  to   space 97280K, 0% used [0x00000000f0280000,0x00000000f0280000,0x00000000f6180000)
 ParOldGen       total 241152K, used 239727K [0x00000000a1400000, 0x00000000aff80000, 0x00000000e0700000)
  object space 241152K, 99% used [0x00000000a1400000,0x00000000afe1bc20,0x00000000aff80000)
 Metaspace       used 18358K, capacity 19444K, committed 19712K, reserved 1067008K
  class space    used 2550K, capacity 2756K, committed 2816K, reserved 1048576K
GC Heap History (10 events):
Event: 9.118 GC heap after
Heap after GC invocations=9 (full 1):
 PSYoungGen      total 174080K, used 45055K [0x00000000e0700000, 0x00000000f1500000, 0x0000000100000000)
  eden space 129024K, 0% used [0x00000000e0700000,0x00000000e0700000,0x00000000e8500000)
  from space 45056K, 99% used [0x00000000ee900000,0x00000000f14ffe78,0x00000000f1500000)
  to   space 55296K, 0% used [0x00000000ea900000,0x00000000ea900000,0x00000000edf00000)
 ParOldGen       total 131072K, used 69465K [0x00000000a1400000, 0x00000000a9400000, 0x00000000e0700000)
  object space 131072K, 52% used [0x00000000a1400000,0x00000000a57d67f8,0x00000000a9400000)
 Metaspace       used 16623K, capacity 17656K, committed 17920K, reserved 1064960K
  class space    used 2353K, capacity 2546K, committed 2560K, reserved 1048576K
}
Event: 9.881 GC heap before
{Heap before GC invocations=10 (full 1):
 PSYoungGen      total 174080K, used 174079K [0x00000000e0700000, 0x00000000f1500000, 0x0000000100000000)
  eden space 129024K, 100% used [0x00000000e0700000,0x00000000e8500000,0x00000000e8500000)
  from space 45056K, 99% used [0x00000000ee900000,0x00000000f14ffe78,0x00000000f1500000)
  to   space 55296K, 0% used [0x00000000ea900000,0x00000000ea900000,0x00000000edf00000)
 ParOldGen       total 131072K, used 69465K [0x00000000a1400000, 0x00000000a9400000, 0x00000000e0700000)
  object space 131072K, 52% used [0x00000000a1400000,0x00000000a57d67f8,0x00000000a9400000)
 Metaspace       used 16625K, capacity 17656K, committed 17920K, reserved 1064960K
  class space    used 2354K, capacity 2546K, committed 2560K, reserved 1048576K
Event: 10.046 GC heap after
Heap after GC invocations=10 (full 1):
 PSYoungGen      total 221184K, used 55279K [0x00000000e0700000, 0x00000000f4480000, 0x0000000100000000)
  eden space 165888K, 0% used [0x00000000e0700000,0x00000000e0700000,0x00000000ea900000)
  from space 55296K, 99% used [0x00000000ea900000,0x00000000edefbdb0,0x00000000edf00000)
  to   space 79360K, 0% used [0x00000000ef700000,0x00000000ef700000,0x00000000f4480000)
 ParOldGen       total 131072K, used 103956K [0x00000000a1400000, 0x00000000a9400000, 0x00000000e0700000)
  object space 131072K, 79% used [0x00000000a1400000,0x00000000a7985178,0x00000000a9400000)
 Metaspace       used 16625K, capacity 17656K, committed 17920K, reserved 1064960K
  class space    used 2354K, capacity 2546K, committed 2560K, reserved 1048576K
}
Event: 10.046 GC heap before
{Heap before GC invocations=11 (full 2):
 PSYoungGen      total 221184K, used 55279K [0x00000000e0700000, 0x00000000f4480000, 0x0000000100000000)
  eden space 165888K, 0% used [0x00000000e0700000,0x00000000e0700000,0x00000000ea900000)
  from space 55296K, 99% used [0x00000000ea900000,0x00000000edefbdb0,0x00000000edf00000)
  to   space 79360K, 0% used [0x00000000ef700000,0x00000000ef700000,0x00000000f4480000)
 ParOldGen       total 131072K, used 103956K [0x00000000a1400000, 0x00000000a9400000, 0x00000000e0700000)
  object space 131072K, 79% used [0x00000000a1400000,0x00000000a7985178,0x00000000a9400000)
 Metaspace       used 16625K, capacity 17656K, committed 17920K, reserved 1064960K
  class space    used 2354K, capacity 2546K, committed 2560K, reserved 1048576K
Event: 11.574 GC heap after
Heap after GC invocations=11 (full 2):
 PSYoungGen      total 221184K, used 27577K [0x00000000e0700000, 0x00000000f4480000, 0x0000000100000000)
  eden space 165888K, 0% used [0x00000000e0700000,0x00000000e0700000,0x00000000ea900000)
  from space 55296K, 49% used [0x00000000ea900000,0x00000000ec3ee570,0x00000000edf00000)
  to   space 79360K, 0% used [0x00000000ef700000,0x00000000ef700000,0x00000000f4480000)
 ParOldGen       total 233472K, used 130564K [0x00000000a1400000, 0x00000000af800000, 0x00000000e0700000)
  object space 233472K, 55% used [0x00000000a1400000,0x00000000a9381090,0x00000000af800000)
 Metaspace       used 16625K, capacity 17656K, committed 17920K, reserved 1064960K
  class space    used 2354K, capacity 2546K, committed 2560K, reserved 1048576K
}
Event: 12.684 GC heap before
{Heap before GC invocations=12 (full 2):
 PSYoungGen      total 221184K, used 193465K [0x00000000e0700000, 0x00000000f4480000, 0x0000000100000000)
  eden space 165888K, 100% used [0x00000000e0700000,0x00000000ea900000,0x00000000ea900000)
  from space 55296K, 49% used [0x00000000ea900000,0x00000000ec3ee570,0x00000000edf00000)
  to   space 79360K, 0% used [0x00000000ef700000,0x00000000ef700000,0x00000000f4480000)
 ParOldGen       total 233472K, used 130564K [0x00000000a1400000, 0x00000000af800000, 0x00000000e0700000)
  object space 233472K, 55% used [0x00000000a1400000,0x00000000a9381090,0x00000000af800000)
 Metaspace       used 16861K, capacity 17880K, committed 17920K, reserved 1064960K
  class space    used 2367K, capacity 2554K, committed 2560K, reserved 1048576K
Event: 12.882 GC heap after
Heap after GC invocations=12 (full 2):
 PSYoungGen      total 221696K, used 79335K [0x00000000e0700000, 0x00000000f8b80000, 0x0000000100000000)
  eden space 142336K, 0% used [0x00000000e0700000,0x00000000e0700000,0x00000000e9200000)
  from space 79360K, 99% used [0x00000000ef700000,0x00000000f4479c88,0x00000000f4480000)
  to   space 103424K, 0% used [0x00000000e9200000,0x00000000e9200000,0x00000000ef700000)
 ParOldGen       total 233472K, used 159841K [0x00000000a1400000, 0x00000000af800000, 0x00000000e0700000)
  object space 233472K, 68% used [0x00000000a1400000,0x00000000ab018648,0x00000000af800000)
 Metaspace       used 16861K, capacity 17880K, committed 17920K, reserved 1064960K
  class space    used 2367K, capacity 2554K, committed 2560K, reserved 1048576K
}
Event: 21.258 GC heap before
{Heap before GC invocations=13 (full 2):
 PSYoungGen      total 221696K, used 221671K [0x00000000e0700000, 0x00000000f8b80000, 0x0000000100000000)
  eden space 142336K, 100% used [0x00000000e0700000,0x00000000e9200000,0x00000000e9200000)
  from space 79360K, 99% used [0x00000000ef700000,0x00000000f4479c88,0x00000000f4480000)
  to   space 103424K, 0% used [0x00000000e9200000,0x00000000e9200000,0x00000000ef700000)
 ParOldGen       total 233472K, used 159841K [0x00000000a1400000, 0x00000000af800000, 0x00000000e0700000)
  object space 233472K, 68% used [0x00000000a1400000,0x00000000ab018648,0x00000000af800000)
 Metaspace       used 18358K, capacity 19444K, committed 19712K, reserved 1067008K
  class space    used 2550K, capacity 2756K, committed 2816K, reserved 1048576K
Event: 21.426 GC heap after
Heap after GC invocations=13 (full 2):
 PSYoungGen      total 245760K, used 38144K [0x00000000e0700000, 0x00000000f6180000, 0x0000000100000000)
  eden space 142336K, 0% used [0x00000000e0700000,0x00000000e0700000,0x00000000e9200000)
  from space 103424K, 36% used [0x00000000e9200000,0x00000000eb740020,0x00000000ef700000)
  to   space 97280K, 0% used [0x00000000f0280000,0x00000000f0280000,0x00000000f6180000)
 ParOldGen       total 241152K, used 239727K [0x00000000a1400000, 0x00000000aff80000, 0x00000000e0700000)
  object space 241152K, 99% used [0x00000000a1400000,0x00000000afe1bc20,0x00000000aff80000)
 Metaspace       used 18358K, capacity 19444K, committed 19712K, reserved 1067008K
  class space    used 2550K, capacity 2756K, committed 2816K, reserved 1048576K
}
Event: 21.426 GC heap before
{Heap before GC invocations=14 (full 3):
 PSYoungGen      total 245760K, used 38144K [0x00000000e0700000, 0x00000000f6180000, 0x0000000100000000)
  eden space 142336K, 0% used [0x00000000e0700000,0x00000000e0700000,0x00000000e9200000)
  from space 103424K, 36% used [0x00000000e9200000,0x00000000eb740020,0x00000000ef700000)
  to   space 97280K, 0% used [0x00000000f0280000,0x00000000f0280000,0x00000000f6180000)
 ParOldGen       total 241152K, used 239727K [0x00000000a1400000, 0x00000000aff80000, 0x00000000e0700000)
  object space 241152K, 99% used [0x00000000a1400000,0x00000000afe1bc20,0x00000000aff80000)
 Metaspace       used 18358K, capacity 19444K, committed 19712K, reserved 1067008K
  class space    used 2550K, capacity 2756K, committed 2816K, reserved 1048576K

